[debug] [2022-12-06T17:32:56.946Z] ----------------------------------------------------------------------
[debug] [2022-12-06T17:32:56.949Z] Command:       C:\Program Files\nodejs\node.exe C:\Users\rifat\AppData\Roaming\npm\node_modules\firebase-tools\lib\bin\firebase.js login
[debug] [2022-12-06T17:32:56.949Z] CLI Version:   9.20.0
[debug] [2022-12-06T17:32:56.949Z] Platform:      win32
[debug] [2022-12-06T17:32:56.949Z] Node Version:  v18.12.1
[debug] [2022-12-06T17:32:56.950Z] Time:          Tue Dec 06 2022 23:32:56 GMT+0600 (Bangladesh Standard Time)
[debug] [2022-12-06T17:32:56.951Z] ----------------------------------------------------------------------
[debug] 
[info] i  Firebase optionally collects CLI usage and error reporting information to help improve our products. Data is collected in accordance with Google's privacy policy (https://policies.google.com/privacy) and is not used to identify you.
 
[info] i  To change your data collection preference at any time, run `firebase logout` and log in again. 
[info] 
[info] Visit this URL on this device to log in:
[info] https://accounts.google.com/o/oauth2/auth?client_id=563584335869-fgrhgmd47bqnekij5i8b5pr03ho849e6.apps.googleusercontent.com&scope=email%20openid%20https%3A%2F%2Fwww.googleapis.com%2Fauth%2Fcloudplatformprojects.readonly%20https%3A%2F%2Fwww.googleapis.com%2Fauth%2Ffirebase%20https%3A%2F%2Fwww.googleapis.com%2Fauth%2Fcloud-platform&response_type=code&state=297842335&redirect_uri=http%3A%2F%2Flocalhost%3A9005
[info] 
[info] Waiting for authentication...
[debug] [2022-12-06T17:33:51.939Z] Error: spawn cmd ENOENT
    at ChildProcess._handle.onexit (node:internal/child_process:283:19)
    at onErrorNT (node:internal/child_process:476:16)
    at process.processTicksAndRejections (node:internal/process/task_queues:82:21)
[error] 
[error] Error: An unexpected error has occurred.
